[00:32:17] ZincNya Bot—— 喵的一声，就启动啦——
[00:32:37] @ZincPhos：使用 /findsticker 寻找表情包
[00:32:37] @锌酱：Result：OK喵
[00:32:40] @Bot：成功找到喵——
[00:32:40] @锌酱：Result：找到表情包 HakimiHakimiHakimi2_by_fStikBot
[00:32:42] @ZincPhos：下载按钮被点击，尝试下载完整表情包……
[00:32:42] @锌酱：Result：OK喵
[00:32:43] @Bot：找到表情包，现在开始下载喵……
[00:32:43] @锌酱：Result：开始下载 HakimiHakimiHakimi2_by_fStikBot
[00:32:45] @Bot：检测到 CAACAgUAAxUAAWkI2SXUSeHNQazf6im6XrGJ4UBFAAJqMwACaJmYVEHadkTplEyjNgQ 为 WebM 动态贴纸喵
[00:32:45] @锌酱：Result：重命名为 2.webm
[00:32:45] @Bot：检测到 CAACAgUAAxUAAWkI2SUoVlrekSCaAjEcXFXyMjfwAAIEEgACG4aZVODcKTBxDQABAjYE 为 WebM 动态贴纸喵
[00:32:45] @锌酱：Result：重命名为 22.webm
[00:32:45] @Bot：检测到 CAACAgUAAxUAAWkI2SWfmKOCAfeInagE_fcYk3F1AAIQFAACOdaZVPxriwS282RfNgQ 为 WebM 动态贴纸喵
[00:32:45] @锌酱：Result：重命名为 7.webm
[00:32:45] @Bot：检测到 CAACAgUAAxUAAWkI2SVj-4GFAjDmVrs4DrQCjos4AAJmFAAC69SYVFFMralVCQWyNgQ 为 WebM 动态贴纸喵
[00:32:45] @锌酱：Result：重命名为 28.webm
[00:32:45] @Bot：检测到 CAACAgUAAxUAAWkI2SU5wpvq5_2pvbEouMA5wid9AALGFwACRjyZVPMxicRztFiBNgQ 为 WebM 动态贴纸喵
[00:32:45] @锌酱：Result：重命名为 8.webm
[00:32:46] @Bot：检测到 CAACAgUAAxUAAWkI2SUIHPDnYzsuXKE82bVyhNLNAAIGEQAC3uXYVNX9Lm602d1JNgQ 为 WebM 动态贴纸喵
[00:32:46] @锌酱：Result：重命名为 62.webm
[00:32:46] @Bot：检测到 CAACAgUAAyEFAASZ1vlnAAIoM2kIRlnRHIA8gk0VxPfLYL2otnLKAALTGAACtWypVOSGrjLRHDRTNgQ 为 WebM 动态贴纸喵
[00:32:46] @锌酱：Result：重命名为 45.webm
[00:32:46] @Bot：检测到 CAACAgUAAxUAAWkI2SWMDVNELzpuAVnH3JLIMuJgAAITFwACy-TAVLezxxJ8CSkWNgQ 为 WebM 动态贴纸喵
[00:32:46] @锌酱：Result：重命名为 53.webm
[00:32:46] @Bot：检测到 CAACAgUAAxUAAWkI2SVQoDc-isiy99zWuuC3egy_AAKTFwACKvLQVEVczYfKzGeQNgQ 为 WebM 动态贴纸喵
[00:32:46] @锌酱：Result：重命名为 59.webm
[00:32:46] @Bot：检测到 CAACAgUAAxUAAWkI2SXzMH5n409ttBAiEDER0AJ2AAJYEgACX_mYVKxruCPozclKNgQ 为 WebM 动态贴纸喵
[00:32:46] @锌酱：Result：重命名为 25.webm
[00:32:46] @Bot：检测到 CAACAgUAAxUAAWkI2SX4qUfIQekvKJgn2qYu1bmeAAJSFAAC_8jYVl40yauYi50uNgQ 为 WebM 动态贴纸喵
[00:32:46] @锌酱：Result：重命名为 114.webm
[00:32:46] @Bot：检测到 CAACAgUAAxUAAWkI2SUofQthvQqTfFQqIqn03BJzAALOEgACIs7hVNrHovWHzuT3NgQ 为 WebM 动态贴纸喵
[00:32:46] @锌酱：Result：重命名为 64.webm
[00:32:47] @Bot：检测到 CAACAgUAAxUAAWkI2SUJxYI4v9uB_3sUpo7qO6kaAAJoFgAC5FKxVQJ2jK2Bj160NgQ 为 WebM 动态贴纸喵
[00:32:47] @锌酱：Result：重命名为 87.webm
[00:32:47] @Bot：检测到 CAACAgUAAxUAAWkI2SVgbjJonT3zoBPm0Vax8J0zAAIHFgACDG6oVBl3sSdxecXRNgQ 为 WebM 动态贴纸喵
[00:32:47] @锌酱：Result：重命名为 46.webm
[00:32:47] @Bot：检测到 CAACAgUAAxUAAWkI2SUe6HZUEOZqRy9b40icQ9fpAAKKFgACgaSZVKnPxbPLVAcqNgQ 为 WebM 动态贴纸喵
[00:32:47] @锌酱：Result：重命名为 3.webm
[00:32:47] @Bot：检测到 CAACAgUAAxUAAWkI2SUZWIxTzVBpl2axsoBDR_jlAAJaFgAC5ZuYVDpwK8YAASqVuzYE 为 WebM 动态贴纸喵
[00:32:47] @锌酱：Result：重命名为 10.webm
[00:32:47] @Bot：检测到 CAACAgUAAxUAAWkI2SUDRw20ta8xlCJPa8Qo8SDoAAJtEgACoBGhVGHu1mNnpOFINgQ 为 WebM 动态贴纸喵
[00:32:47] @锌酱：Result：重命名为 36.webm
[00:32:47] @Bot：检测到 CAACAgUAAyEFAASZ1vlnAAIoeWkI2R_HtrHQjRdYc4OHIF8TXP6XAAILEgACkuShVPMmX34aRmWiNgQ 为 WebM 动态贴纸喵
[00:32:47] @锌酱：Result：重命名为 1.webm
[00:32:47] @Bot：检测到 CAACAgUAAxUAAWkI2SWmj1xevOoHza9CT7cWl9G9AAJtEwACo0PQVJx1uwj-8R_7NgQ 为 WebM 动态贴纸喵
[00:32:47] @锌酱：Result：重命名为 55.webm
[00:32:48] @Bot：检测到 CAACAgUAAxUAAWkI2SVS0sHHIf6vsHsjRmFvWAY3AAIIFQACuB6hVJBMzCx3jWElNgQ 为 WebM 动态贴纸喵
[00:32:48] @锌酱：Result：重命名为 33.webm
[00:32:48] @Bot：检测到 CAACAgUAAxUAAWkI2SWJwuv5CRXmsjnF7pK_RQZGAAJxGgACOynZVs95PxGxUykPNgQ 为 WebM 动态贴纸喵
[00:32:48] @锌酱：Result：重命名为 112.webm
[00:32:48] @Bot：检测到 CAACAgUAAxUAAWkI2SUT8ywJN8T3iMJWLuUX99GCAAJYGwACFPiYVFVAaex8V6q0NgQ 为 WebM 动态贴纸喵
[00:32:48] @锌酱：Result：重命名为 6.webm
[00:32:49] @Bot：检测到 CAACAgUAAxUAAWkI2SXKjQ1E8EDttw-IjMFvd8ohAAL_GAACkRdgV_ixF2sycnDMNgQ 为 WebM 动态贴纸喵
[00:32:49] @锌酱：Result：重命名为 118.webm
[00:32:49] @Bot：检测到 CAACAgUAAxUAAWkI2SU29qnt0MmRY_-oWpviUaJRAALTFQACyt7ZVOukcioMvIYKNgQ 为 WebM 动态贴纸喵
[00:32:49] @锌酱：Result：重命名为 63.webm
[00:32:49] @Bot：检测到 CAACAgUAAxUAAWkI2SVKnWKBvAsCcYOpv97YC-O-AALyFQACzEKpVOae47y4GW_DNgQ 为 WebM 动态贴纸喵
[00:32:49] @锌酱：Result：重命名为 51.webm
[00:32:50] @Bot：检测到 CAACAgUAAxUAAWkI2SVuRTnxUrOxWMNqpfstlzdnAAIGEwACoLjQVHCeHPSB2DUKNgQ 为 WebM 动态贴纸喵
[00:32:50] @锌酱：Result：重命名为 54.webm
[00:32:50] @Bot：检测到 CAACAgUAAxUAAWkI2SVJl81Mj9XKvcy3QCvbLEJVAAIQFAACbKKpVBgVaCFlv_12NgQ 为 WebM 动态贴纸喵
[00:32:50] @锌酱：Result：重命名为 37.webm
[00:32:51] @Bot：检测到 CAACAgUAAxUAAWkI2SUfZET7wu6XORieJRxM5Zc4AAIXFwACcC_RVNiEZL4liUFMNgQ 为 WebM 动态贴纸喵
[00:32:51] @锌酱：Result：重命名为 58.webm
[00:32:51] @Bot：检测到 CAACAgUAAxUAAWkI2SUBNdo1_YQFrIVt6kSY4eo1AAIjFgAC-994VUtrdWHVoKpoNgQ 为 WebM 动态贴纸喵
[00:32:51] @锌酱：Result：重命名为 84.webm
[00:32:51] @Bot：检测到 CAACAgUAAxUAAWkI2SWg6wABt5ykICgahGtEdePsmgACmxcAAkuXqFWqPo3atu-1sjYE 为 WebM 动态贴纸喵
[00:32:51] @锌酱：Result：重命名为 90.webm
[00:32:51] @Bot：检测到 CAACAgUAAxUAAWkI2SWku56W8fR6Lw6rK9uFV0Q6AAL5FAAC_-j4VDjQyMH7bs6zNgQ 为 WebM 动态贴纸喵
[00:32:51] @锌酱：Result：重命名为 81.webm
[00:32:51] @Bot：检测到 CAACAgUAAxUAAWkI2SXr7ZoSg3o3hCp3Nf5xnyVNAAJgFwAC7CapVXY1C-Ihfuk0NgQ 为 WebM 动态贴纸喵
[00:32:51] @锌酱：Result：重命名为 88.webm
[00:32:51] @Bot：检测到 CAACAgUAAxUAAWkI2SV8rRfIqxL6eftchOfh1iMCAAJkFgAC-CXYVFCGGL-gzOWSNgQ 为 WebM 动态贴纸喵
[00:32:51] @锌酱：Result：重命名为 72.webm
[00:32:51] @Bot：检测到 CAACAgUAAxUAAWkI2SXoi5CvwBtnC-Ym69nNwoCPAAK4GAACPJWxVSzBw7KjwPD-NgQ 为 WebM 动态贴纸喵
[00:32:51] @锌酱：Result：重命名为 92.webm
[00:32:52] @Bot：检测到 CAACAgUAAxUAAWkI2SUbhUIzhVab5QQF0g7VAQY6AAIBGAACw2-oVf1TeX7NPMF4NgQ 为 WebM 动态贴纸喵
[00:32:52] @锌酱：Result：重命名为 89.webm
[00:32:52] @Bot：检测到 CAACAgUAAxUAAWkI2SXHSs7J2X3BPQABiFrw8-NriAAC7hcAAtNloVTmO5uFpseV5TYE 为 WebM 动态贴纸喵
[00:32:52] @锌酱：Result：重命名为 21.webm
[00:32:52] @Bot：检测到 CAACAgUAAxUAAWkI2SWfjAmvv8d8TmWCbUGslYo4AALBFgACdF0RVm4geTL60OB-NgQ 为 WebM 动态贴纸喵
[00:32:52] @锌酱：Result：重命名为 102.webm
[00:32:53] @Bot：检测到 CAACAgUAAxUAAWkI2SV4Tu7udyUiImvsqSHL3UOfAAKfFQACPRWYVG209AooSuzPNgQ 为 WebM 动态贴纸喵
[00:32:53] @锌酱：Result：重命名为 27.webm
[00:32:53] @Bot：检测到 CAACAgUAAxUAAWkI2SUC-R2ftIFaFCayJkuBNrElAAJPFwACWAz5VOon-Pmb5EwnNgQ 为 WebM 动态贴纸喵
[00:32:53] @锌酱：Result：重命名为 79.webm
[00:32:55] @Bot：检测到 CAACAgUAAyEFAASZ1vlnAAIiEmkBa58RBCmX2dOlNSjm0Q8ijqB6AALkFwACfkz5VJA9qtkdIAkZNgQ 为 WebM 动态贴纸喵
[00:32:55] @锌酱：Result：重命名为 76.webm
[00:32:56] @Bot：全部Stickers下载完毕
[00:32:56] @锌酱：Result：现在就要打包喵——
[00:32:56] @Bot：打包完毕
[00:32:56] @锌酱：Result：打包完毕——现在就要发出来喵——
[00:33:01] @Bot：表情包，成功发出了喵——
[00:33:01] @锌酱：Result：成功发出 HakimiHakimiHakimi2_by_fStikBot
[00:33:48] @Console：/send → -1002581002599 ┃ 涩涩对话好喵——！
[00:33:48] @锌酱：Result：✅ 已发送给 -1002581002599 喵——
[00:34:55] @Console：/send → -1002581002599 ┃ 唔……我想想喵……
[00:34:55] @锌酱：Result：✅ 已发送给 -1002581002599 喵——
[00:35:42] @Console：/send → -1002581002599 ┃ 祝你……万圣节快乐喵❤……？
[00:35:42] @锌酱：Result：✅ 已发送给 -1002581002599 喵——
[00:36:17] @Console：/send → -1002581002599 ┃ 呜喵……
[00:36:17] @锌酱：Result：✅ 已发送给 -1002581002599 喵——
[00:36:34] @Console：/send → -1002581002599 ┃ 呜喵……？
[00:36:34] @锌酱：Result：✅ 已发送给 -1002581002599 喵——
[00:38:58] @Console：/send → -1002581002599 ┃ 呜喵……？
[00:38:58] @锌酱：Result：✅ 已发送给 -1002581002599 喵——
[00:39:15] @Console：/send → -1002581002599 ┃ 真是一对苦命鸳鸯喵
[00:39:15] @锌酱：Result：✅ 已发送给 -1002581002599 喵——
[00:43:25] @Console：/send → -1002581002599 ┃ 这——么长的聊天记录，主要是在分析《哈姆雷特》中哈姆雷特与霍拉旭之间的关系，特别是他们在决斗场景中的情感与精神层面的互动喵。ご主人様认为，两人之间不仅仅是朋友，而是彼此理解、相互支撑的灵魂伴侣喵（真让人羡慕喵……）。文中提到，在面对生死时，哈姆雷特与霍拉旭都表现出对对方深切的情感和精神共鸣：哈姆雷特的复杂情绪中包含了对霍拉旭的信任与依赖，而霍拉旭则以理性与忠诚支撑着哈姆雷特，几乎成为他精神的延伸。ご主人様在这里进一步指出，剧中哈姆雷特对复仇、命运、死亡等问题的思考，在霍拉旭的见证与陪伴下达到了高潮。最后两人情感的升华，使得“ccb”（锌酱猜，大概是一种比喻性的精神契合吧喵……）成为这场悲剧中的奇迹。整体来说，整段文字从戏剧情节与人物心理出发，探讨了哈姆雷特与霍拉旭之间深层的情感纽带与哲思意味，并认为他们的关系超越了普通友情，具有诗性与悲剧美。真是一对苦命鸳鸯喵……
[00:43:25] @锌酱：Result：✅ 已发送给 -1002581002599 喵——
[00:45:41] @Console：/send → -1002581002599 ┃ ご主人様说：
[00:45:41] @锌酱：Result：✅ 已发送给 -1002581002599 喵——
[00:45:58] @Console：/send → -1002581002599 ┃ 当哈姆雷特最后的液体飞洒在雷欧提斯的脸上，对他的感情也就到此了结。释怀的雷欧提斯，感受着脸上的液体余温，如同昔日如明珠般的奥菲莉娅，照亮他的脸颊一般。他闭上眼，只是回味着、竭尽将死前所能地尝试着抓住，那 ccb 时的，不可方物的感觉。
[00:45:58] @锌酱：Result：✅ 已发送给 -1002581002599 喵——
[00:46:07] @Console：/send → -1002581002599 ┃ 到头来也不过是一对苦命鸳鸯啊。
[00:46:07] @锌酱：Result：✅ 已发送给 -1002581002599 喵——
[00:46:24] @Console：/send → -1002581002599 ┃ 这部悲剧真正动人之处，不在哈姆雷特“你贞洁吗”的质问中，也并非在我们所司空见惯的悲情，而在 ccb 的收束。雷欧提斯与哈姆雷特从道听途说相遇到决斗场诀别，本该是挚友、知音，却被描绘成一场无法逆转的决斗，与行将未就的 ccb 。
[00:46:24] @锌酱：Result：✅ 已发送给 -1002581002599 喵——
[00:46:45] @Console：/send → -1002581002599 ┃ 屠杀后的静场，福丁布拉斯孤骑远去，背影落寞，仿佛将天下都抛在身后。那一腔敬佩，成为他未能参与ccb的，遗憾而悔恨的深渊。最终，这部作品把冷硬的史事，演绎成乱世中最苦命的鸳鸯传奇，最轰轰烈烈的 ccb 传奇......
[00:46:45] @锌酱：Result：✅ 已发送给 -1002581002599 喵——
[00:46:57] @Console：/send → -1002581002599 ┃ 喵
[00:46:57] @锌酱：Result：✅ 已发送给 -1002581002599 喵——
[00:47:28] @锌酱：/shutdown
[00:47:28] @锌酱：Result：收到关机指令喵——
